<?xml version="1.0" encoding="UTF-8"?>
<!-- Generated by org.testng.reporters.JUnitReportReporter -->
<testsuite hostname="DESKTOP-8Q0JHA9" failures="0" tests="1" name="com.inetbanking.testCases.TC_AddCustomerTest_003" time="14.054" errors="0" timestamp="2024-06-12T23:40:02 PKT" skipped="0">
  <testcase classname="com.inetbanking.testCases.TC_AddCustomerTest_003" name="addNewCustomer" time="14.054"/>
</testsuite> <!-- com.inetbanking.testCases.TC_AddCustomerTest_003 -->
